artifacts/islamic-app/android/app/build/intermediates/manifest_merge_blame_file/release/processReleaseMainManifest/manifest-merger-blame-release-report.txt
1<?xml version="1.0" encoding="utf-8"?>
2<manifest xmlns:android="http://schemas.android.com/apk/res/android"
3    package="com.sj64noorquran"
4    android:versionCode="79845458"
5    android:versionName="1.0.22" >
6
7    <uses-sdk
8        android:minSdkVersion="24"
9        android:targetSdkVersion="36" />
10
11    <uses-permission android:name="android.permission.INTERNET" />
11-->src/main/AndroidManifest.xml:5:7-69
11-->src/main/AndroidManifest.xml:5:24-66
12    <uses-permission android:name="android.permission.ACCESS_NETWORK_STATE" />
12-->src/main/AndroidManifest.xml:6:7-81
12-->src/main/AndroidManifest.xml:6:24-78
13    <!-- Required because the Android app uses Google Mobile Ads / AdMob. -->
14    <uses-permission android:name="com.google.android.gms.permission.AD_ID" />
14-->src/main/AndroidManifest.xml:8:7-81
14-->src/main/AndroidManifest.xml:8:24-78
15    <uses-permission android:name="android.permission.POST_NOTIFICATIONS" />
15-->src/main/AndroidManifest.xml:9:7-79
15-->src/main/AndroidManifest.xml:9:24-76
16    <uses-permission android:name="android.permission.RECEIVE_BOOT_COMPLETED" />
16-->src/main/AndroidManifest.xml:10:7-83
16-->src/main/AndroidManifest.xml:10:24-80
17    <uses-permission android:name="android.permission.SCHEDULE_EXACT_ALARM" />
17-->src/main/AndroidManifest.xml:11:7-81
17-->src/main/AndroidManifest.xml:11:24-78
18    <uses-permission android:name="android.permission.USE_EXACT_ALARM" />
18-->src/main/AndroidManifest.xml:12:7-76
18-->src/main/AndroidManifest.xml:12:24-73
19    <uses-permission android:name="android.permission.REQUEST_IGNORE_BATTERY_OPTIMIZATIONS" />
19-->src/main/AndroidManifest.xml:13:7-97
19-->src/main/AndroidManifest.xml:13:24-94
20    <uses-permission android:name="android.permission.ACCESS_FINE_LOCATION" />
20-->src/main/AndroidManifest.xml:14:7-81
20-->src/main/AndroidManifest.xml:14:24-78
21    <uses-permission android:name="android.permission.ACCESS_COARSE_LOCATION" />
21-->src/main/AndroidManifest.xml:15:7-83
21-->src/main/AndroidManifest.xml:15:24-80
22    <uses-permission android:name="android.permission.FOREGROUND_SERVICE" />
22-->src/main/AndroidManifest.xml:16:7-79
22-->src/main/AndroidManifest.xml:16:24-76
23    <uses-permission android:name="android.permission.FOREGROUND_SERVICE_MEDIA_PLAYBACK" />
23-->src/main/AndroidManifest.xml:17:7-94
23-->src/main/AndroidManifest.xml:17:24-91
24    <uses-permission android:name="android.permission.WAKE_LOCK" />
24-->src/main/AndroidManifest.xml:18:7-70
24-->src/main/AndroidManifest.xml:18:24-67
25    <uses-permission
25-->src/main/AndroidManifest.xml:19:7-110
26        android:name="android.permission.WRITE_EXTERNAL_STORAGE"
26-->src/main/AndroidManifest.xml:19:24-80
27        android:maxSdkVersion="28" />
27-->src/main/AndroidManifest.xml:19:81-107
28    <uses-permission
28-->src/main/AndroidManifest.xml:20:7-109
29        android:name="android.permission.READ_EXTERNAL_STORAGE"
29-->src/main/AndroidManifest.xml:20:24-79
30        android:maxSdkVersion="32" />
30-->src/main/AndroidManifest.xml:20:80-106
31    <uses-permission android:name="android.permission.VIBRATE" />
31-->src/main/AndroidManifest.xml:21:7-68
31-->src/main/AndroidManifest.xml:21:24-65
32    <!-- Quran Teacher: on-device speech recognition for recitation feedback -->
33    <uses-permission android:name="android.permission.RECORD_AUDIO" />
33-->src/main/AndroidManifest.xml:23:7-73
33-->src/main/AndroidManifest.xml:23:24-70
34
35    <queries>
35-->[:capacitor-browser] AndroidManifest.xml:7:5-11:15
36        <intent>
36-->[:capacitor-browser] AndroidManifest.xml:8:9-10:18
37            <action android:name="android.support.customtabs.action.CustomTabsService" />
37-->[:capacitor-browser] AndroidManifest.xml:9:13-90
37-->[:capacitor-browser] AndroidManifest.xml:9:21-87
38        </intent>
39        <intent>
39-->[:capacitor-community-speech-recognition] AndroidManifest.xml:10:9-12:18
40            <action android:name="android.speech.RecognitionService" />
40-->[:capacitor-community-speech-recognition] AndroidManifest.xml:11:13-72
40-->[:capacitor-community-speech-recognition] AndroidManifest.xml:11:21-69
41        </intent>
42    </queries>
43
44    <permission
44-->[androidx.core:core:1.17.0] AndroidManifest.xml:22:5-24:47
45        android:name="com.sj64noorquran.DYNAMIC_RECEIVER_NOT_EXPORTED_PERMISSION"
45-->[androidx.core:core:1.17.0] AndroidManifest.xml:23:9-81
46        android:protectionLevel="signature" />
46-->[androidx.core:core:1.17.0] AndroidManifest.xml:24:9-44
47
48    <uses-permission android:name="com.sj64noorquran.DYNAMIC_RECEIVER_NOT_EXPORTED_PERMISSION" />
48-->[androidx.core:core:1.17.0] AndroidManifest.xml:26:5-97
48-->[androidx.core:core:1.17.0] AndroidManifest.xml:26:22-94
49
50    <application
50-->src/main/AndroidManifest.xml:25:7-133:21
51        android:name="com.sj64noorquran.MainApplication"
51-->src/main/AndroidManifest.xml:26:11-42
52        android:allowBackup="false"
52-->src/main/AndroidManifest.xml:27:11-38
53        android:appComponentFactory="androidx.core.app.CoreComponentFactory"
53-->[androidx.core:core:1.17.0] AndroidManifest.xml:28:18-86
54        android:extractNativeLibs="false"
55        android:fullBackupContent="false"
55-->src/main/AndroidManifest.xml:28:11-44
56        android:hardwareAccelerated="true"
56-->src/main/AndroidManifest.xml:34:11-45
57        android:icon="@mipmap/ic_launcher"
57-->src/main/AndroidManifest.xml:29:11-45
58        android:label="@string/app_name"
58-->src/main/AndroidManifest.xml:31:11-43
59        android:networkSecurityConfig="@xml/network_security_config"
59-->src/main/AndroidManifest.xml:35:11-71
60        android:roundIcon="@mipmap/ic_launcher_round"
60-->src/main/AndroidManifest.xml:30:11-56
61        android:supportsRtl="true"
61-->src/main/AndroidManifest.xml:32:11-37
62        android:theme="@style/AppTheme" >
62-->src/main/AndroidManifest.xml:33:11-42
63
64        <!-- ── Main activity ──────────────────────────────────────────────── -->
65        <activity
65-->src/main/AndroidManifest.xml:39:11-63:22
66            android:name="com.sj64noorquran.MainActivity"
66-->src/main/AndroidManifest.xml:40:15-43
67            android:configChanges="orientation|keyboardHidden|keyboard|screenSize|locale|smallestScreenSize|screenLayout|uiMode"
67-->src/main/AndroidManifest.xml:41:15-131
68            android:exported="true"
68-->src/main/AndroidManifest.xml:42:15-38
69            android:launchMode="singleTask"
69-->src/main/AndroidManifest.xml:43:15-46
70            android:screenOrientation="portrait"
70-->src/main/AndroidManifest.xml:44:15-51
71            android:theme="@style/AppTheme.Launcher"
71-->src/main/AndroidManifest.xml:46:15-55
72            android:windowSoftInputMode="adjustResize" >
72-->src/main/AndroidManifest.xml:45:15-57
73            <intent-filter>
73-->src/main/AndroidManifest.xml:48:15-51:31
74                <action android:name="android.intent.action.MAIN" />
74-->src/main/AndroidManifest.xml:49:19-71
74-->src/main/AndroidManifest.xml:49:27-68
75
76                <category android:name="android.intent.category.LAUNCHER" />
76-->src/main/AndroidManifest.xml:50:19-79
76-->src/main/AndroidManifest.xml:50:29-76
77            </intent-filter>
78
79            <!-- App Links for noor-quran.replit.app -->
80            <!-- autoVerify=true: Android fetches /.well-known/assetlinks.json at install -->
81            <!-- time to verify ownership. Verified = tapping the link opens app directly. -->
82            <!-- Un-verified = Android shows the disambiguation dialog instead. -->
83            <intent-filter android:autoVerify="true" >
83-->src/main/AndroidManifest.xml:57:15-62:31
83-->src/main/AndroidManifest.xml:57:30-55
84                <action android:name="android.intent.action.VIEW" />
84-->src/main/AndroidManifest.xml:58:19-71
84-->src/main/AndroidManifest.xml:58:27-68
85
86                <category android:name="android.intent.category.DEFAULT" />
86-->src/main/AndroidManifest.xml:59:19-78
86-->src/main/AndroidManifest.xml:59:29-75
87                <category android:name="android.intent.category.BROWSABLE" />
87-->src/main/AndroidManifest.xml:60:19-80
87-->src/main/AndroidManifest.xml:60:29-77
88
89                <data
89-->src/main/AndroidManifest.xml:61:19-87
90                    android:host="noor-quran.replit.app"
90-->src/main/AndroidManifest.xml:61:48-84
91                    android:scheme="https" />
91-->src/main/AndroidManifest.xml:61:25-47
92            </intent-filter>
93        </activity>
94
95        <!-- ── Diagnostic log viewer (not the launcher) ──────────────────── -->
96        <activity
96-->src/main/AndroidManifest.xml:66:11-70:134
97            android:name="com.sj64noorquran.LogViewerActivity"
97-->src/main/AndroidManifest.xml:67:15-48
98            android:configChanges="orientation|keyboardHidden|keyboard|screenSize|locale|smallestScreenSize|screenLayout|uiMode"
98-->src/main/AndroidManifest.xml:70:15-131
99            android:excludeFromRecents="true"
99-->src/main/AndroidManifest.xml:69:15-48
100            android:exported="false" />
100-->src/main/AndroidManifest.xml:68:15-39
101
102        <!-- ── Legacy crash reporter (kept for compatibility) ───────────────── -->
103        <activity
103-->src/main/AndroidManifest.xml:73:11-76:51
104            android:name="com.sj64noorquran.CrashActivity"
104-->src/main/AndroidManifest.xml:74:15-44
105            android:excludeFromRecents="true"
105-->src/main/AndroidManifest.xml:76:15-48
106            android:exported="false" />
106-->src/main/AndroidManifest.xml:75:15-39
107
108        <!-- ── Notification receivers ────────────────────────────────────── -->
109        <receiver
109-->src/main/AndroidManifest.xml:79:11-86:22
110            android:name="com.capacitorjs.plugins.localnotifications.LocalNotificationRestoreReceiver"
110-->src/main/AndroidManifest.xml:80:15-105
111            android:directBootAware="true"
111-->[:capacitor-local-notifications] AndroidManifest.xml:16:13-43
112            android:exported="false" >
112-->src/main/AndroidManifest.xml:81:15-39
113            <intent-filter>
113-->src/main/AndroidManifest.xml:82:15-85:31
114                <action android:name="android.intent.action.BOOT_COMPLETED" />
114-->src/main/AndroidManifest.xml:83:19-81
114-->src/main/AndroidManifest.xml:83:27-78
115                <action android:name="android.intent.action.REBOOT" />
115-->src/main/AndroidManifest.xml:84:19-73
115-->src/main/AndroidManifest.xml:84:27-70
116            </intent-filter>
117            <intent-filter>
117-->[:capacitor-local-notifications] AndroidManifest.xml:18:13-22:29
118                <action android:name="android.intent.action.LOCKED_BOOT_COMPLETED" />
118-->[:capacitor-local-notifications] AndroidManifest.xml:19:17-86
118-->[:capacitor-local-notifications] AndroidManifest.xml:19:25-83
119                <action android:name="android.intent.action.BOOT_COMPLETED" />
119-->src/main/AndroidManifest.xml:83:19-81
119-->src/main/AndroidManifest.xml:83:27-78
120                <action android:name="android.intent.action.QUICKBOOT_POWERON" />
120-->src/main/AndroidManifest.xml:110:19-84
120-->src/main/AndroidManifest.xml:110:27-81
121            </intent-filter>
122        </receiver>
123        <receiver
123-->src/main/AndroidManifest.xml:88:11-90:42
124            android:name="com.capacitorjs.plugins.localnotifications.LocalNotificationReceiver"
124-->src/main/AndroidManifest.xml:89:15-98
125            android:exported="false" />
125-->src/main/AndroidManifest.xml:90:15-39
126
127        <!-- ── Azan (prayer-time) alarm receivers & service ──────────────── -->
128
129
130        <!-- Fires when an AlarmManager exact alarm triggers -->
131        <receiver
131-->src/main/AndroidManifest.xml:95:11-101:22
132            android:name="com.sj64noorquran.AzanReceiver"
132-->src/main/AndroidManifest.xml:96:15-43
133            android:exported="false" >
133-->src/main/AndroidManifest.xml:97:15-39
134            <intent-filter>
134-->src/main/AndroidManifest.xml:98:15-100:31
135                <action android:name="com.sj64noorquran.AZAN_TRIGGER" />
135-->src/main/AndroidManifest.xml:99:19-75
135-->src/main/AndroidManifest.xml:99:27-72
136            </intent-filter>
137        </receiver>
138
139        <!-- Re-schedules prayer alarms after device reboot -->
140        <receiver
140-->src/main/AndroidManifest.xml:104:11-112:22
141            android:name="com.sj64noorquran.AzanBootReceiver"
141-->src/main/AndroidManifest.xml:105:15-47
142            android:exported="false" >
142-->src/main/AndroidManifest.xml:106:15-39
143            <intent-filter>
143-->src/main/AndroidManifest.xml:107:15-111:31
144                <action android:name="android.intent.action.BOOT_COMPLETED" />
144-->src/main/AndroidManifest.xml:83:19-81
144-->src/main/AndroidManifest.xml:83:27-78
145                <action android:name="android.intent.action.REBOOT" />
145-->src/main/AndroidManifest.xml:84:19-73
145-->src/main/AndroidManifest.xml:84:27-70
146                <action android:name="android.intent.action.QUICKBOOT_POWERON" />
146-->src/main/AndroidManifest.xml:110:19-84
146-->src/main/AndroidManifest.xml:110:27-81
147            </intent-filter>
148        </receiver>
149
150        <!-- Foreground service that streams Azan audio -->
151        <service
151-->src/main/AndroidManifest.xml:115:11-118:63
152            android:name="com.sj64noorquran.AzanService"
152-->src/main/AndroidManifest.xml:116:15-42
153            android:exported="false"
153-->src/main/AndroidManifest.xml:117:15-39
154            android:foregroundServiceType="mediaPlayback" />
154-->src/main/AndroidManifest.xml:118:15-60
155
156        <!-- ── AdMob App ID ──────────────────────────────────────────────────── -->
157        <meta-data
157-->src/main/AndroidManifest.xml:121:11-123:72
158            android:name="com.google.android.gms.ads.APPLICATION_ID"
158-->src/main/AndroidManifest.xml:122:15-71
159            android:value="ca-app-pub-1852283311826362~9656395130" />
159-->src/main/AndroidManifest.xml:123:15-69
160
161        <receiver android:name="com.capacitorjs.plugins.localnotifications.TimedNotificationPublisher" />
161-->[:capacitor-local-notifications] AndroidManifest.xml:12:9-106
161-->[:capacitor-local-notifications] AndroidManifest.xml:12:19-103
162        <receiver android:name="com.capacitorjs.plugins.localnotifications.NotificationDismissReceiver" />
162-->[:capacitor-local-notifications] AndroidManifest.xml:13:9-107
162-->[:capacitor-local-notifications] AndroidManifest.xml:13:19-104
163
164        <activity
164-->[:capacitor-browser] AndroidManifest.xml:14:9-18:75
165            android:name="com.capacitorjs.plugins.browser.BrowserControllerActivity"
165-->[:capacitor-browser] AndroidManifest.xml:15:13-85
166            android:exported="false"
166-->[:capacitor-browser] AndroidManifest.xml:16:13-37
167            android:launchMode="singleTask"
167-->[:capacitor-browser] AndroidManifest.xml:17:13-44
168            android:theme="@android:style/Theme.Translucent.NoTitleBar" />
168-->[:capacitor-browser] AndroidManifest.xml:18:13-72
169
170        <receiver
170-->[androidx.profileinstaller:profileinstaller:1.4.0] AndroidManifest.xml:34:9-52:20
171            android:name="androidx.profileinstaller.ProfileInstallReceiver"
171-->[androidx.profileinstaller:profileinstaller:1.4.0] AndroidManifest.xml:35:13-76
172            android:directBootAware="false"
172-->[androidx.profileinstaller:profileinstaller:1.4.0] AndroidManifest.xml:36:13-44
173            android:enabled="true"
173-->[androidx.profileinstaller:profileinstaller:1.4.0] AndroidManifest.xml:37:13-35
174            android:exported="true"
174-->[androidx.profileinstaller:profileinstaller:1.4.0] AndroidManifest.xml:38:13-36
175            android:permission="android.permission.DUMP" >
175-->[androidx.profileinstaller:profileinstaller:1.4.0] AndroidManifest.xml:39:13-57
176            <intent-filter>
176-->[androidx.profileinstaller:profileinstaller:1.4.0] AndroidManifest.xml:40:13-42:29
177                <action android:name="androidx.profileinstaller.action.INSTALL_PROFILE" />
177-->[androidx.profileinstaller:profileinstaller:1.4.0] AndroidManifest.xml:41:17-91
177-->[androidx.profileinstaller:profileinstaller:1.4.0] AndroidManifest.xml:41:25-88
178            </intent-filter>
179            <intent-filter>
179-->[androidx.profileinstaller:profileinstaller:1.4.0] AndroidManifest.xml:43:13-45:29
180                <action android:name="androidx.profileinstaller.action.SKIP_FILE" />
180-->[androidx.profileinstaller:profileinstaller:1.4.0] AndroidManifest.xml:44:17-85
180-->[androidx.profileinstaller:profileinstaller:1.4.0] AndroidManifest.xml:44:25-82
181            </intent-filter>
182            <intent-filter>
182-->[androidx.profileinstaller:profileinstaller:1.4.0] AndroidManifest.xml:46:13-48:29
183                <action android:name="androidx.profileinstaller.action.SAVE_PROFILE" />
183-->[androidx.profileinstaller:profileinstaller:1.4.0] AndroidManifest.xml:47:17-88
183-->[androidx.profileinstaller:profileinstaller:1.4.0] AndroidManifest.xml:47:25-85
184            </intent-filter>
185            <intent-filter>
185-->[androidx.profileinstaller:profileinstaller:1.4.0] AndroidManifest.xml:49:13-51:29
186                <action android:name="androidx.profileinstaller.action.BENCHMARK_OPERATION" />
186-->[androidx.profileinstaller:profileinstaller:1.4.0] AndroidManifest.xml:50:17-95
186-->[androidx.profileinstaller:profileinstaller:1.4.0] AndroidManifest.xml:50:25-92
187            </intent-filter>
188        </receiver>
189    </application>
190
191</manifest>